#! /usr/bin/vvp
:ivl_version "11.0 (stable)";
:ivl_delay_selection "TYPICAL";
:vpi_time_precision + 0;
:vpi_module "/usr/lib/x86_64-linux-gnu/ivl/system.vpi";
:vpi_module "/usr/lib/x86_64-linux-gnu/ivl/vhdl_sys.vpi";
:vpi_module "/usr/lib/x86_64-linux-gnu/ivl/vhdl_textio.vpi";
:vpi_module "/usr/lib/x86_64-linux-gnu/ivl/v2005_math.vpi";
:vpi_module "/usr/lib/x86_64-linux-gnu/ivl/va_math.vpi";
S_0x556188c4fa30 .scope module, "predictor" "predictor" 2 1;
 .timescale 0 0;
    .port_info 0 /INPUT 1 "Sys_clk";
    .port_info 1 /INPUT 1 "Sys_rst";
    .port_info 2 /INPUT 1 "Sys_rdy";
    .port_info 3 /INPUT 1 "IFPD_predict_en";
    .port_info 4 /INPUT 32 "IFPD_pc";
    .port_info 5 /INPUT 1 "IFPD_feedback_en";
    .port_info 6 /INPUT 1 "IFPD_branch_result";
    .port_info 7 /INPUT 32 "IFPD_feedback_pc";
    .port_info 8 /OUTPUT 1 "PDIF_predict_result";
P_0x556188c4f2a0 .param/l "ADDR_WIDTH" 0 2 16, +C4<00000000000000000000000000100000>;
P_0x556188c4f2e0 .param/l "HASH_SIZE" 0 2 18, +C4<000000000000000000000000000000010000>;
P_0x556188c4f320 .param/l "HASH_WIDTH" 0 2 17, +C4<00000000000000000000000000000100>;
P_0x556188c4f360 .param/l "HISTORY_LENGTH" 0 2 19, +C4<00000000000000000000000000000100>;
P_0x556188c4f3a0 .param/l "HISTORY_SIZE" 0 2 20, +C4<000000000000000000000000000000010000>;
L_0x556188c7ace0 .functor BUFZ 4, L_0x556188c7aaa0, C4<0000>, C4<0000>, C4<0000>;
L_0x556188c7b140 .functor BUFZ 4, L_0x556188c7ae70, C4<0000>, C4<0000>, C4<0000>;
v0x556188c52d60_0 .net "BHR_feedback", 3 0, L_0x556188c7b140;  1 drivers
v0x556188c76de0_0 .net "BHR_prediction", 3 0, L_0x556188c7ace0;  1 drivers
v0x556188c76ec0 .array "BHRs", 0 15, 3 0;
o0x7f51bfe8e378 .functor BUFZ 1, C4<z>; HiZ drive
v0x556188c77190_0 .net "IFPD_branch_result", 0 0, o0x7f51bfe8e378;  0 drivers
o0x7f51bfe8e3a8 .functor BUFZ 1, C4<z>; HiZ drive
v0x556188c77250_0 .net "IFPD_feedback_en", 0 0, o0x7f51bfe8e3a8;  0 drivers
o0x7f51bfe8e3d8 .functor BUFZ 32, C4<zzzzzzzzzzzzzzzzzzzzzzzzzzzzzzzz>; HiZ drive
v0x556188c77360_0 .net "IFPD_feedback_pc", 31 0, o0x7f51bfe8e3d8;  0 drivers
o0x7f51bfe8e408 .functor BUFZ 32, C4<zzzzzzzzzzzzzzzzzzzzzzzzzzzzzzzz>; HiZ drive
v0x556188c77440_0 .net "IFPD_pc", 31 0, o0x7f51bfe8e408;  0 drivers
o0x7f51bfe8e438 .functor BUFZ 1, C4<z>; HiZ drive
v0x556188c77520_0 .net "IFPD_predict_en", 0 0, o0x7f51bfe8e438;  0 drivers
v0x556188c775e0_0 .var "PDIF_predict_result", 0 0;
o0x7f51bfe8e498 .functor BUFZ 1, C4<z>; HiZ drive
v0x556188c776a0_0 .net "Sys_clk", 0 0, o0x7f51bfe8e498;  0 drivers
o0x7f51bfe8e4c8 .functor BUFZ 1, C4<z>; HiZ drive
v0x556188c77760_0 .net "Sys_rdy", 0 0, o0x7f51bfe8e4c8;  0 drivers
o0x7f51bfe8e4f8 .functor BUFZ 1, C4<z>; HiZ drive
v0x556188c77820_0 .net "Sys_rst", 0 0, o0x7f51bfe8e4f8;  0 drivers
v0x556188c778e0_0 .net *"_ivl_12", 3 0, L_0x556188c7ae70;  1 drivers
v0x556188c779c0_0 .net *"_ivl_14", 5 0, L_0x556188c7af70;  1 drivers
L_0x7f51bfe45060 .functor BUFT 1, C4<00>, C4<0>, C4<0>, C4<0>;
v0x556188c77aa0_0 .net *"_ivl_17", 1 0, L_0x7f51bfe45060;  1 drivers
v0x556188c77b80_0 .net *"_ivl_2", 3 0, L_0x556188c7aaa0;  1 drivers
v0x556188c77c60_0 .net *"_ivl_4", 5 0, L_0x556188c7aba0;  1 drivers
L_0x7f51bfe45018 .functor BUFT 1, C4<00>, C4<0>, C4<0>, C4<0>;
v0x556188c77d40_0 .net *"_ivl_7", 1 0, L_0x7f51bfe45018;  1 drivers
v0x556188c77e20_0 .net "hash_num_feedback", 3 0, L_0x556188c7ada0;  1 drivers
v0x556188c77f00_0 .net "hash_num_prediction", 3 0, L_0x556188c7a9d0;  1 drivers
v0x556188c77fe0 .array "pattern_history_table", 255 0, 1 0;
v0x556188c77fe0_0 .array/port v0x556188c77fe0, 0;
E_0x556188c55420/0 .event edge, v0x556188c77520_0, v0x556188c77f00_0, v0x556188c76de0_0, v0x556188c77fe0_0;
v0x556188c77fe0_1 .array/port v0x556188c77fe0, 1;
v0x556188c77fe0_2 .array/port v0x556188c77fe0, 2;
v0x556188c77fe0_3 .array/port v0x556188c77fe0, 3;
v0x556188c77fe0_4 .array/port v0x556188c77fe0, 4;
E_0x556188c55420/1 .event edge, v0x556188c77fe0_1, v0x556188c77fe0_2, v0x556188c77fe0_3, v0x556188c77fe0_4;
v0x556188c77fe0_5 .array/port v0x556188c77fe0, 5;
v0x556188c77fe0_6 .array/port v0x556188c77fe0, 6;
v0x556188c77fe0_7 .array/port v0x556188c77fe0, 7;
v0x556188c77fe0_8 .array/port v0x556188c77fe0, 8;
E_0x556188c55420/2 .event edge, v0x556188c77fe0_5, v0x556188c77fe0_6, v0x556188c77fe0_7, v0x556188c77fe0_8;
v0x556188c77fe0_9 .array/port v0x556188c77fe0, 9;
v0x556188c77fe0_10 .array/port v0x556188c77fe0, 10;
v0x556188c77fe0_11 .array/port v0x556188c77fe0, 11;
v0x556188c77fe0_12 .array/port v0x556188c77fe0, 12;
E_0x556188c55420/3 .event edge, v0x556188c77fe0_9, v0x556188c77fe0_10, v0x556188c77fe0_11, v0x556188c77fe0_12;
v0x556188c77fe0_13 .array/port v0x556188c77fe0, 13;
v0x556188c77fe0_14 .array/port v0x556188c77fe0, 14;
v0x556188c77fe0_15 .array/port v0x556188c77fe0, 15;
v0x556188c77fe0_16 .array/port v0x556188c77fe0, 16;
E_0x556188c55420/4 .event edge, v0x556188c77fe0_13, v0x556188c77fe0_14, v0x556188c77fe0_15, v0x556188c77fe0_16;
v0x556188c77fe0_17 .array/port v0x556188c77fe0, 17;
v0x556188c77fe0_18 .array/port v0x556188c77fe0, 18;
v0x556188c77fe0_19 .array/port v0x556188c77fe0, 19;
v0x556188c77fe0_20 .array/port v0x556188c77fe0, 20;
E_0x556188c55420/5 .event edge, v0x556188c77fe0_17, v0x556188c77fe0_18, v0x556188c77fe0_19, v0x556188c77fe0_20;
v0x556188c77fe0_21 .array/port v0x556188c77fe0, 21;
v0x556188c77fe0_22 .array/port v0x556188c77fe0, 22;
v0x556188c77fe0_23 .array/port v0x556188c77fe0, 23;
v0x556188c77fe0_24 .array/port v0x556188c77fe0, 24;
E_0x556188c55420/6 .event edge, v0x556188c77fe0_21, v0x556188c77fe0_22, v0x556188c77fe0_23, v0x556188c77fe0_24;
v0x556188c77fe0_25 .array/port v0x556188c77fe0, 25;
v0x556188c77fe0_26 .array/port v0x556188c77fe0, 26;
v0x556188c77fe0_27 .array/port v0x556188c77fe0, 27;
v0x556188c77fe0_28 .array/port v0x556188c77fe0, 28;
E_0x556188c55420/7 .event edge, v0x556188c77fe0_25, v0x556188c77fe0_26, v0x556188c77fe0_27, v0x556188c77fe0_28;
v0x556188c77fe0_29 .array/port v0x556188c77fe0, 29;
v0x556188c77fe0_30 .array/port v0x556188c77fe0, 30;
v0x556188c77fe0_31 .array/port v0x556188c77fe0, 31;
v0x556188c77fe0_32 .array/port v0x556188c77fe0, 32;
E_0x556188c55420/8 .event edge, v0x556188c77fe0_29, v0x556188c77fe0_30, v0x556188c77fe0_31, v0x556188c77fe0_32;
v0x556188c77fe0_33 .array/port v0x556188c77fe0, 33;
v0x556188c77fe0_34 .array/port v0x556188c77fe0, 34;
v0x556188c77fe0_35 .array/port v0x556188c77fe0, 35;
v0x556188c77fe0_36 .array/port v0x556188c77fe0, 36;
E_0x556188c55420/9 .event edge, v0x556188c77fe0_33, v0x556188c77fe0_34, v0x556188c77fe0_35, v0x556188c77fe0_36;
v0x556188c77fe0_37 .array/port v0x556188c77fe0, 37;
v0x556188c77fe0_38 .array/port v0x556188c77fe0, 38;
v0x556188c77fe0_39 .array/port v0x556188c77fe0, 39;
v0x556188c77fe0_40 .array/port v0x556188c77fe0, 40;
E_0x556188c55420/10 .event edge, v0x556188c77fe0_37, v0x556188c77fe0_38, v0x556188c77fe0_39, v0x556188c77fe0_40;
v0x556188c77fe0_41 .array/port v0x556188c77fe0, 41;
v0x556188c77fe0_42 .array/port v0x556188c77fe0, 42;
v0x556188c77fe0_43 .array/port v0x556188c77fe0, 43;
v0x556188c77fe0_44 .array/port v0x556188c77fe0, 44;
E_0x556188c55420/11 .event edge, v0x556188c77fe0_41, v0x556188c77fe0_42, v0x556188c77fe0_43, v0x556188c77fe0_44;
v0x556188c77fe0_45 .array/port v0x556188c77fe0, 45;
v0x556188c77fe0_46 .array/port v0x556188c77fe0, 46;
v0x556188c77fe0_47 .array/port v0x556188c77fe0, 47;
v0x556188c77fe0_48 .array/port v0x556188c77fe0, 48;
E_0x556188c55420/12 .event edge, v0x556188c77fe0_45, v0x556188c77fe0_46, v0x556188c77fe0_47, v0x556188c77fe0_48;
v0x556188c77fe0_49 .array/port v0x556188c77fe0, 49;
v0x556188c77fe0_50 .array/port v0x556188c77fe0, 50;
v0x556188c77fe0_51 .array/port v0x556188c77fe0, 51;
v0x556188c77fe0_52 .array/port v0x556188c77fe0, 52;
E_0x556188c55420/13 .event edge, v0x556188c77fe0_49, v0x556188c77fe0_50, v0x556188c77fe0_51, v0x556188c77fe0_52;
v0x556188c77fe0_53 .array/port v0x556188c77fe0, 53;
v0x556188c77fe0_54 .array/port v0x556188c77fe0, 54;
v0x556188c77fe0_55 .array/port v0x556188c77fe0, 55;
v0x556188c77fe0_56 .array/port v0x556188c77fe0, 56;
E_0x556188c55420/14 .event edge, v0x556188c77fe0_53, v0x556188c77fe0_54, v0x556188c77fe0_55, v0x556188c77fe0_56;
v0x556188c77fe0_57 .array/port v0x556188c77fe0, 57;
v0x556188c77fe0_58 .array/port v0x556188c77fe0, 58;
v0x556188c77fe0_59 .array/port v0x556188c77fe0, 59;
v0x556188c77fe0_60 .array/port v0x556188c77fe0, 60;
E_0x556188c55420/15 .event edge, v0x556188c77fe0_57, v0x556188c77fe0_58, v0x556188c77fe0_59, v0x556188c77fe0_60;
v0x556188c77fe0_61 .array/port v0x556188c77fe0, 61;
v0x556188c77fe0_62 .array/port v0x556188c77fe0, 62;
v0x556188c77fe0_63 .array/port v0x556188c77fe0, 63;
v0x556188c77fe0_64 .array/port v0x556188c77fe0, 64;
E_0x556188c55420/16 .event edge, v0x556188c77fe0_61, v0x556188c77fe0_62, v0x556188c77fe0_63, v0x556188c77fe0_64;
v0x556188c77fe0_65 .array/port v0x556188c77fe0, 65;
v0x556188c77fe0_66 .array/port v0x556188c77fe0, 66;
v0x556188c77fe0_67 .array/port v0x556188c77fe0, 67;
v0x556188c77fe0_68 .array/port v0x556188c77fe0, 68;
E_0x556188c55420/17 .event edge, v0x556188c77fe0_65, v0x556188c77fe0_66, v0x556188c77fe0_67, v0x556188c77fe0_68;
v0x556188c77fe0_69 .array/port v0x556188c77fe0, 69;
v0x556188c77fe0_70 .array/port v0x556188c77fe0, 70;
v0x556188c77fe0_71 .array/port v0x556188c77fe0, 71;
v0x556188c77fe0_72 .array/port v0x556188c77fe0, 72;
E_0x556188c55420/18 .event edge, v0x556188c77fe0_69, v0x556188c77fe0_70, v0x556188c77fe0_71, v0x556188c77fe0_72;
v0x556188c77fe0_73 .array/port v0x556188c77fe0, 73;
v0x556188c77fe0_74 .array/port v0x556188c77fe0, 74;
v0x556188c77fe0_75 .array/port v0x556188c77fe0, 75;
v0x556188c77fe0_76 .array/port v0x556188c77fe0, 76;
E_0x556188c55420/19 .event edge, v0x556188c77fe0_73, v0x556188c77fe0_74, v0x556188c77fe0_75, v0x556188c77fe0_76;
v0x556188c77fe0_77 .array/port v0x556188c77fe0, 77;
v0x556188c77fe0_78 .array/port v0x556188c77fe0, 78;
v0x556188c77fe0_79 .array/port v0x556188c77fe0, 79;
v0x556188c77fe0_80 .array/port v0x556188c77fe0, 80;
E_0x556188c55420/20 .event edge, v0x556188c77fe0_77, v0x556188c77fe0_78, v0x556188c77fe0_79, v0x556188c77fe0_80;
v0x556188c77fe0_81 .array/port v0x556188c77fe0, 81;
v0x556188c77fe0_82 .array/port v0x556188c77fe0, 82;
v0x556188c77fe0_83 .array/port v0x556188c77fe0, 83;
v0x556188c77fe0_84 .array/port v0x556188c77fe0, 84;
E_0x556188c55420/21 .event edge, v0x556188c77fe0_81, v0x556188c77fe0_82, v0x556188c77fe0_83, v0x556188c77fe0_84;
v0x556188c77fe0_85 .array/port v0x556188c77fe0, 85;
v0x556188c77fe0_86 .array/port v0x556188c77fe0, 86;
v0x556188c77fe0_87 .array/port v0x556188c77fe0, 87;
v0x556188c77fe0_88 .array/port v0x556188c77fe0, 88;
E_0x556188c55420/22 .event edge, v0x556188c77fe0_85, v0x556188c77fe0_86, v0x556188c77fe0_87, v0x556188c77fe0_88;
v0x556188c77fe0_89 .array/port v0x556188c77fe0, 89;
v0x556188c77fe0_90 .array/port v0x556188c77fe0, 90;
v0x556188c77fe0_91 .array/port v0x556188c77fe0, 91;
v0x556188c77fe0_92 .array/port v0x556188c77fe0, 92;
E_0x556188c55420/23 .event edge, v0x556188c77fe0_89, v0x556188c77fe0_90, v0x556188c77fe0_91, v0x556188c77fe0_92;
v0x556188c77fe0_93 .array/port v0x556188c77fe0, 93;
v0x556188c77fe0_94 .array/port v0x556188c77fe0, 94;
v0x556188c77fe0_95 .array/port v0x556188c77fe0, 95;
v0x556188c77fe0_96 .array/port v0x556188c77fe0, 96;
E_0x556188c55420/24 .event edge, v0x556188c77fe0_93, v0x556188c77fe0_94, v0x556188c77fe0_95, v0x556188c77fe0_96;
v0x556188c77fe0_97 .array/port v0x556188c77fe0, 97;
v0x556188c77fe0_98 .array/port v0x556188c77fe0, 98;
v0x556188c77fe0_99 .array/port v0x556188c77fe0, 99;
v0x556188c77fe0_100 .array/port v0x556188c77fe0, 100;
E_0x556188c55420/25 .event edge, v0x556188c77fe0_97, v0x556188c77fe0_98, v0x556188c77fe0_99, v0x556188c77fe0_100;
v0x556188c77fe0_101 .array/port v0x556188c77fe0, 101;
v0x556188c77fe0_102 .array/port v0x556188c77fe0, 102;
v0x556188c77fe0_103 .array/port v0x556188c77fe0, 103;
v0x556188c77fe0_104 .array/port v0x556188c77fe0, 104;
E_0x556188c55420/26 .event edge, v0x556188c77fe0_101, v0x556188c77fe0_102, v0x556188c77fe0_103, v0x556188c77fe0_104;
v0x556188c77fe0_105 .array/port v0x556188c77fe0, 105;
v0x556188c77fe0_106 .array/port v0x556188c77fe0, 106;
v0x556188c77fe0_107 .array/port v0x556188c77fe0, 107;
v0x556188c77fe0_108 .array/port v0x556188c77fe0, 108;
E_0x556188c55420/27 .event edge, v0x556188c77fe0_105, v0x556188c77fe0_106, v0x556188c77fe0_107, v0x556188c77fe0_108;
v0x556188c77fe0_109 .array/port v0x556188c77fe0, 109;
v0x556188c77fe0_110 .array/port v0x556188c77fe0, 110;
v0x556188c77fe0_111 .array/port v0x556188c77fe0, 111;
v0x556188c77fe0_112 .array/port v0x556188c77fe0, 112;
E_0x556188c55420/28 .event edge, v0x556188c77fe0_109, v0x556188c77fe0_110, v0x556188c77fe0_111, v0x556188c77fe0_112;
v0x556188c77fe0_113 .array/port v0x556188c77fe0, 113;
v0x556188c77fe0_114 .array/port v0x556188c77fe0, 114;
v0x556188c77fe0_115 .array/port v0x556188c77fe0, 115;
v0x556188c77fe0_116 .array/port v0x556188c77fe0, 116;
E_0x556188c55420/29 .event edge, v0x556188c77fe0_113, v0x556188c77fe0_114, v0x556188c77fe0_115, v0x556188c77fe0_116;
v0x556188c77fe0_117 .array/port v0x556188c77fe0, 117;
v0x556188c77fe0_118 .array/port v0x556188c77fe0, 118;
v0x556188c77fe0_119 .array/port v0x556188c77fe0, 119;
v0x556188c77fe0_120 .array/port v0x556188c77fe0, 120;
E_0x556188c55420/30 .event edge, v0x556188c77fe0_117, v0x556188c77fe0_118, v0x556188c77fe0_119, v0x556188c77fe0_120;
v0x556188c77fe0_121 .array/port v0x556188c77fe0, 121;
v0x556188c77fe0_122 .array/port v0x556188c77fe0, 122;
v0x556188c77fe0_123 .array/port v0x556188c77fe0, 123;
v0x556188c77fe0_124 .array/port v0x556188c77fe0, 124;
E_0x556188c55420/31 .event edge, v0x556188c77fe0_121, v0x556188c77fe0_122, v0x556188c77fe0_123, v0x556188c77fe0_124;
v0x556188c77fe0_125 .array/port v0x556188c77fe0, 125;
v0x556188c77fe0_126 .array/port v0x556188c77fe0, 126;
v0x556188c77fe0_127 .array/port v0x556188c77fe0, 127;
v0x556188c77fe0_128 .array/port v0x556188c77fe0, 128;
E_0x556188c55420/32 .event edge, v0x556188c77fe0_125, v0x556188c77fe0_126, v0x556188c77fe0_127, v0x556188c77fe0_128;
v0x556188c77fe0_129 .array/port v0x556188c77fe0, 129;
v0x556188c77fe0_130 .array/port v0x556188c77fe0, 130;
v0x556188c77fe0_131 .array/port v0x556188c77fe0, 131;
v0x556188c77fe0_132 .array/port v0x556188c77fe0, 132;
E_0x556188c55420/33 .event edge, v0x556188c77fe0_129, v0x556188c77fe0_130, v0x556188c77fe0_131, v0x556188c77fe0_132;
v0x556188c77fe0_133 .array/port v0x556188c77fe0, 133;
v0x556188c77fe0_134 .array/port v0x556188c77fe0, 134;
v0x556188c77fe0_135 .array/port v0x556188c77fe0, 135;
v0x556188c77fe0_136 .array/port v0x556188c77fe0, 136;
E_0x556188c55420/34 .event edge, v0x556188c77fe0_133, v0x556188c77fe0_134, v0x556188c77fe0_135, v0x556188c77fe0_136;
v0x556188c77fe0_137 .array/port v0x556188c77fe0, 137;
v0x556188c77fe0_138 .array/port v0x556188c77fe0, 138;
v0x556188c77fe0_139 .array/port v0x556188c77fe0, 139;
v0x556188c77fe0_140 .array/port v0x556188c77fe0, 140;
E_0x556188c55420/35 .event edge, v0x556188c77fe0_137, v0x556188c77fe0_138, v0x556188c77fe0_139, v0x556188c77fe0_140;
v0x556188c77fe0_141 .array/port v0x556188c77fe0, 141;
v0x556188c77fe0_142 .array/port v0x556188c77fe0, 142;
v0x556188c77fe0_143 .array/port v0x556188c77fe0, 143;
v0x556188c77fe0_144 .array/port v0x556188c77fe0, 144;
E_0x556188c55420/36 .event edge, v0x556188c77fe0_141, v0x556188c77fe0_142, v0x556188c77fe0_143, v0x556188c77fe0_144;
v0x556188c77fe0_145 .array/port v0x556188c77fe0, 145;
v0x556188c77fe0_146 .array/port v0x556188c77fe0, 146;
v0x556188c77fe0_147 .array/port v0x556188c77fe0, 147;
v0x556188c77fe0_148 .array/port v0x556188c77fe0, 148;
E_0x556188c55420/37 .event edge, v0x556188c77fe0_145, v0x556188c77fe0_146, v0x556188c77fe0_147, v0x556188c77fe0_148;
v0x556188c77fe0_149 .array/port v0x556188c77fe0, 149;
v0x556188c77fe0_150 .array/port v0x556188c77fe0, 150;
v0x556188c77fe0_151 .array/port v0x556188c77fe0, 151;
v0x556188c77fe0_152 .array/port v0x556188c77fe0, 152;
E_0x556188c55420/38 .event edge, v0x556188c77fe0_149, v0x556188c77fe0_150, v0x556188c77fe0_151, v0x556188c77fe0_152;
v0x556188c77fe0_153 .array/port v0x556188c77fe0, 153;
v0x556188c77fe0_154 .array/port v0x556188c77fe0, 154;
v0x556188c77fe0_155 .array/port v0x556188c77fe0, 155;
v0x556188c77fe0_156 .array/port v0x556188c77fe0, 156;
E_0x556188c55420/39 .event edge, v0x556188c77fe0_153, v0x556188c77fe0_154, v0x556188c77fe0_155, v0x556188c77fe0_156;
v0x556188c77fe0_157 .array/port v0x556188c77fe0, 157;
v0x556188c77fe0_158 .array/port v0x556188c77fe0, 158;
v0x556188c77fe0_159 .array/port v0x556188c77fe0, 159;
v0x556188c77fe0_160 .array/port v0x556188c77fe0, 160;
E_0x556188c55420/40 .event edge, v0x556188c77fe0_157, v0x556188c77fe0_158, v0x556188c77fe0_159, v0x556188c77fe0_160;
v0x556188c77fe0_161 .array/port v0x556188c77fe0, 161;
v0x556188c77fe0_162 .array/port v0x556188c77fe0, 162;
v0x556188c77fe0_163 .array/port v0x556188c77fe0, 163;
v0x556188c77fe0_164 .array/port v0x556188c77fe0, 164;
E_0x556188c55420/41 .event edge, v0x556188c77fe0_161, v0x556188c77fe0_162, v0x556188c77fe0_163, v0x556188c77fe0_164;
v0x556188c77fe0_165 .array/port v0x556188c77fe0, 165;
v0x556188c77fe0_166 .array/port v0x556188c77fe0, 166;
v0x556188c77fe0_167 .array/port v0x556188c77fe0, 167;
v0x556188c77fe0_168 .array/port v0x556188c77fe0, 168;
E_0x556188c55420/42 .event edge, v0x556188c77fe0_165, v0x556188c77fe0_166, v0x556188c77fe0_167, v0x556188c77fe0_168;
v0x556188c77fe0_169 .array/port v0x556188c77fe0, 169;
v0x556188c77fe0_170 .array/port v0x556188c77fe0, 170;
v0x556188c77fe0_171 .array/port v0x556188c77fe0, 171;
v0x556188c77fe0_172 .array/port v0x556188c77fe0, 172;
E_0x556188c55420/43 .event edge, v0x556188c77fe0_169, v0x556188c77fe0_170, v0x556188c77fe0_171, v0x556188c77fe0_172;
v0x556188c77fe0_173 .array/port v0x556188c77fe0, 173;
v0x556188c77fe0_174 .array/port v0x556188c77fe0, 174;
v0x556188c77fe0_175 .array/port v0x556188c77fe0, 175;
v0x556188c77fe0_176 .array/port v0x556188c77fe0, 176;
E_0x556188c55420/44 .event edge, v0x556188c77fe0_173, v0x556188c77fe0_174, v0x556188c77fe0_175, v0x556188c77fe0_176;
v0x556188c77fe0_177 .array/port v0x556188c77fe0, 177;
v0x556188c77fe0_178 .array/port v0x556188c77fe0, 178;
v0x556188c77fe0_179 .array/port v0x556188c77fe0, 179;
v0x556188c77fe0_180 .array/port v0x556188c77fe0, 180;
E_0x556188c55420/45 .event edge, v0x556188c77fe0_177, v0x556188c77fe0_178, v0x556188c77fe0_179, v0x556188c77fe0_180;
v0x556188c77fe0_181 .array/port v0x556188c77fe0, 181;
v0x556188c77fe0_182 .array/port v0x556188c77fe0, 182;
v0x556188c77fe0_183 .array/port v0x556188c77fe0, 183;
v0x556188c77fe0_184 .array/port v0x556188c77fe0, 184;
E_0x556188c55420/46 .event edge, v0x556188c77fe0_181, v0x556188c77fe0_182, v0x556188c77fe0_183, v0x556188c77fe0_184;
v0x556188c77fe0_185 .array/port v0x556188c77fe0, 185;
v0x556188c77fe0_186 .array/port v0x556188c77fe0, 186;
v0x556188c77fe0_187 .array/port v0x556188c77fe0, 187;
v0x556188c77fe0_188 .array/port v0x556188c77fe0, 188;
E_0x556188c55420/47 .event edge, v0x556188c77fe0_185, v0x556188c77fe0_186, v0x556188c77fe0_187, v0x556188c77fe0_188;
v0x556188c77fe0_189 .array/port v0x556188c77fe0, 189;
v0x556188c77fe0_190 .array/port v0x556188c77fe0, 190;
v0x556188c77fe0_191 .array/port v0x556188c77fe0, 191;
v0x556188c77fe0_192 .array/port v0x556188c77fe0, 192;
E_0x556188c55420/48 .event edge, v0x556188c77fe0_189, v0x556188c77fe0_190, v0x556188c77fe0_191, v0x556188c77fe0_192;
v0x556188c77fe0_193 .array/port v0x556188c77fe0, 193;
v0x556188c77fe0_194 .array/port v0x556188c77fe0, 194;
v0x556188c77fe0_195 .array/port v0x556188c77fe0, 195;
v0x556188c77fe0_196 .array/port v0x556188c77fe0, 196;
E_0x556188c55420/49 .event edge, v0x556188c77fe0_193, v0x556188c77fe0_194, v0x556188c77fe0_195, v0x556188c77fe0_196;
v0x556188c77fe0_197 .array/port v0x556188c77fe0, 197;
v0x556188c77fe0_198 .array/port v0x556188c77fe0, 198;
v0x556188c77fe0_199 .array/port v0x556188c77fe0, 199;
v0x556188c77fe0_200 .array/port v0x556188c77fe0, 200;
E_0x556188c55420/50 .event edge, v0x556188c77fe0_197, v0x556188c77fe0_198, v0x556188c77fe0_199, v0x556188c77fe0_200;
v0x556188c77fe0_201 .array/port v0x556188c77fe0, 201;
v0x556188c77fe0_202 .array/port v0x556188c77fe0, 202;
v0x556188c77fe0_203 .array/port v0x556188c77fe0, 203;
v0x556188c77fe0_204 .array/port v0x556188c77fe0, 204;
E_0x556188c55420/51 .event edge, v0x556188c77fe0_201, v0x556188c77fe0_202, v0x556188c77fe0_203, v0x556188c77fe0_204;
v0x556188c77fe0_205 .array/port v0x556188c77fe0, 205;
v0x556188c77fe0_206 .array/port v0x556188c77fe0, 206;
v0x556188c77fe0_207 .array/port v0x556188c77fe0, 207;
v0x556188c77fe0_208 .array/port v0x556188c77fe0, 208;
E_0x556188c55420/52 .event edge, v0x556188c77fe0_205, v0x556188c77fe0_206, v0x556188c77fe0_207, v0x556188c77fe0_208;
v0x556188c77fe0_209 .array/port v0x556188c77fe0, 209;
v0x556188c77fe0_210 .array/port v0x556188c77fe0, 210;
v0x556188c77fe0_211 .array/port v0x556188c77fe0, 211;
v0x556188c77fe0_212 .array/port v0x556188c77fe0, 212;
E_0x556188c55420/53 .event edge, v0x556188c77fe0_209, v0x556188c77fe0_210, v0x556188c77fe0_211, v0x556188c77fe0_212;
v0x556188c77fe0_213 .array/port v0x556188c77fe0, 213;
v0x556188c77fe0_214 .array/port v0x556188c77fe0, 214;
v0x556188c77fe0_215 .array/port v0x556188c77fe0, 215;
v0x556188c77fe0_216 .array/port v0x556188c77fe0, 216;
E_0x556188c55420/54 .event edge, v0x556188c77fe0_213, v0x556188c77fe0_214, v0x556188c77fe0_215, v0x556188c77fe0_216;
v0x556188c77fe0_217 .array/port v0x556188c77fe0, 217;
v0x556188c77fe0_218 .array/port v0x556188c77fe0, 218;
v0x556188c77fe0_219 .array/port v0x556188c77fe0, 219;
v0x556188c77fe0_220 .array/port v0x556188c77fe0, 220;
E_0x556188c55420/55 .event edge, v0x556188c77fe0_217, v0x556188c77fe0_218, v0x556188c77fe0_219, v0x556188c77fe0_220;
v0x556188c77fe0_221 .array/port v0x556188c77fe0, 221;
v0x556188c77fe0_222 .array/port v0x556188c77fe0, 222;
v0x556188c77fe0_223 .array/port v0x556188c77fe0, 223;
v0x556188c77fe0_224 .array/port v0x556188c77fe0, 224;
E_0x556188c55420/56 .event edge, v0x556188c77fe0_221, v0x556188c77fe0_222, v0x556188c77fe0_223, v0x556188c77fe0_224;
v0x556188c77fe0_225 .array/port v0x556188c77fe0, 225;
v0x556188c77fe0_226 .array/port v0x556188c77fe0, 226;
v0x556188c77fe0_227 .array/port v0x556188c77fe0, 227;
v0x556188c77fe0_228 .array/port v0x556188c77fe0, 228;
E_0x556188c55420/57 .event edge, v0x556188c77fe0_225, v0x556188c77fe0_226, v0x556188c77fe0_227, v0x556188c77fe0_228;
v0x556188c77fe0_229 .array/port v0x556188c77fe0, 229;
v0x556188c77fe0_230 .array/port v0x556188c77fe0, 230;
v0x556188c77fe0_231 .array/port v0x556188c77fe0, 231;
v0x556188c77fe0_232 .array/port v0x556188c77fe0, 232;
E_0x556188c55420/58 .event edge, v0x556188c77fe0_229, v0x556188c77fe0_230, v0x556188c77fe0_231, v0x556188c77fe0_232;
v0x556188c77fe0_233 .array/port v0x556188c77fe0, 233;
v0x556188c77fe0_234 .array/port v0x556188c77fe0, 234;
v0x556188c77fe0_235 .array/port v0x556188c77fe0, 235;
v0x556188c77fe0_236 .array/port v0x556188c77fe0, 236;
E_0x556188c55420/59 .event edge, v0x556188c77fe0_233, v0x556188c77fe0_234, v0x556188c77fe0_235, v0x556188c77fe0_236;
v0x556188c77fe0_237 .array/port v0x556188c77fe0, 237;
v0x556188c77fe0_238 .array/port v0x556188c77fe0, 238;
v0x556188c77fe0_239 .array/port v0x556188c77fe0, 239;
v0x556188c77fe0_240 .array/port v0x556188c77fe0, 240;
E_0x556188c55420/60 .event edge, v0x556188c77fe0_237, v0x556188c77fe0_238, v0x556188c77fe0_239, v0x556188c77fe0_240;
v0x556188c77fe0_241 .array/port v0x556188c77fe0, 241;
v0x556188c77fe0_242 .array/port v0x556188c77fe0, 242;
v0x556188c77fe0_243 .array/port v0x556188c77fe0, 243;
v0x556188c77fe0_244 .array/port v0x556188c77fe0, 244;
E_0x556188c55420/61 .event edge, v0x556188c77fe0_241, v0x556188c77fe0_242, v0x556188c77fe0_243, v0x556188c77fe0_244;
v0x556188c77fe0_245 .array/port v0x556188c77fe0, 245;
v0x556188c77fe0_246 .array/port v0x556188c77fe0, 246;
v0x556188c77fe0_247 .array/port v0x556188c77fe0, 247;
v0x556188c77fe0_248 .array/port v0x556188c77fe0, 248;
E_0x556188c55420/62 .event edge, v0x556188c77fe0_245, v0x556188c77fe0_246, v0x556188c77fe0_247, v0x556188c77fe0_248;
v0x556188c77fe0_249 .array/port v0x556188c77fe0, 249;
v0x556188c77fe0_250 .array/port v0x556188c77fe0, 250;
v0x556188c77fe0_251 .array/port v0x556188c77fe0, 251;
v0x556188c77fe0_252 .array/port v0x556188c77fe0, 252;
E_0x556188c55420/63 .event edge, v0x556188c77fe0_249, v0x556188c77fe0_250, v0x556188c77fe0_251, v0x556188c77fe0_252;
v0x556188c77fe0_253 .array/port v0x556188c77fe0, 253;
v0x556188c77fe0_254 .array/port v0x556188c77fe0, 254;
v0x556188c77fe0_255 .array/port v0x556188c77fe0, 255;
E_0x556188c55420/64 .event edge, v0x556188c77fe0_253, v0x556188c77fe0_254, v0x556188c77fe0_255, v0x556188c77250_0;
v0x556188c76ec0_0 .array/port v0x556188c76ec0, 0;
v0x556188c76ec0_1 .array/port v0x556188c76ec0, 1;
v0x556188c76ec0_2 .array/port v0x556188c76ec0, 2;
E_0x556188c55420/65 .event edge, v0x556188c77e20_0, v0x556188c76ec0_0, v0x556188c76ec0_1, v0x556188c76ec0_2;
v0x556188c76ec0_3 .array/port v0x556188c76ec0, 3;
v0x556188c76ec0_4 .array/port v0x556188c76ec0, 4;
v0x556188c76ec0_5 .array/port v0x556188c76ec0, 5;
v0x556188c76ec0_6 .array/port v0x556188c76ec0, 6;
E_0x556188c55420/66 .event edge, v0x556188c76ec0_3, v0x556188c76ec0_4, v0x556188c76ec0_5, v0x556188c76ec0_6;
v0x556188c76ec0_7 .array/port v0x556188c76ec0, 7;
v0x556188c76ec0_8 .array/port v0x556188c76ec0, 8;
v0x556188c76ec0_9 .array/port v0x556188c76ec0, 9;
v0x556188c76ec0_10 .array/port v0x556188c76ec0, 10;
E_0x556188c55420/67 .event edge, v0x556188c76ec0_7, v0x556188c76ec0_8, v0x556188c76ec0_9, v0x556188c76ec0_10;
v0x556188c76ec0_11 .array/port v0x556188c76ec0, 11;
v0x556188c76ec0_12 .array/port v0x556188c76ec0, 12;
v0x556188c76ec0_13 .array/port v0x556188c76ec0, 13;
v0x556188c76ec0_14 .array/port v0x556188c76ec0, 14;
E_0x556188c55420/68 .event edge, v0x556188c76ec0_11, v0x556188c76ec0_12, v0x556188c76ec0_13, v0x556188c76ec0_14;
v0x556188c76ec0_15 .array/port v0x556188c76ec0, 15;
E_0x556188c55420/69 .event edge, v0x556188c76ec0_15, v0x556188c77190_0, v0x556188c52d60_0;
E_0x556188c55420 .event/or E_0x556188c55420/0, E_0x556188c55420/1, E_0x556188c55420/2, E_0x556188c55420/3, E_0x556188c55420/4, E_0x556188c55420/5, E_0x556188c55420/6, E_0x556188c55420/7, E_0x556188c55420/8, E_0x556188c55420/9, E_0x556188c55420/10, E_0x556188c55420/11, E_0x556188c55420/12, E_0x556188c55420/13, E_0x556188c55420/14, E_0x556188c55420/15, E_0x556188c55420/16, E_0x556188c55420/17, E_0x556188c55420/18, E_0x556188c55420/19, E_0x556188c55420/20, E_0x556188c55420/21, E_0x556188c55420/22, E_0x556188c55420/23, E_0x556188c55420/24, E_0x556188c55420/25, E_0x556188c55420/26, E_0x556188c55420/27, E_0x556188c55420/28, E_0x556188c55420/29, E_0x556188c55420/30, E_0x556188c55420/31, E_0x556188c55420/32, E_0x556188c55420/33, E_0x556188c55420/34, E_0x556188c55420/35, E_0x556188c55420/36, E_0x556188c55420/37, E_0x556188c55420/38, E_0x556188c55420/39, E_0x556188c55420/40, E_0x556188c55420/41, E_0x556188c55420/42, E_0x556188c55420/43, E_0x556188c55420/44, E_0x556188c55420/45, E_0x556188c55420/46, E_0x556188c55420/47, E_0x556188c55420/48, E_0x556188c55420/49, E_0x556188c55420/50, E_0x556188c55420/51, E_0x556188c55420/52, E_0x556188c55420/53, E_0x556188c55420/54, E_0x556188c55420/55, E_0x556188c55420/56, E_0x556188c55420/57, E_0x556188c55420/58, E_0x556188c55420/59, E_0x556188c55420/60, E_0x556188c55420/61, E_0x556188c55420/62, E_0x556188c55420/63, E_0x556188c55420/64, E_0x556188c55420/65, E_0x556188c55420/66, E_0x556188c55420/67, E_0x556188c55420/68, E_0x556188c55420/69;
L_0x556188c7a9d0 .part o0x7f51bfe8e408, 2, 4;
L_0x556188c7aaa0 .array/port v0x556188c76ec0, L_0x556188c7aba0;
L_0x556188c7aba0 .concat [ 4 2 0 0], L_0x556188c7a9d0, L_0x7f51bfe45018;
L_0x556188c7ada0 .part o0x7f51bfe8e3d8, 2, 4;
L_0x556188c7ae70 .array/port v0x556188c76ec0, L_0x556188c7af70;
L_0x556188c7af70 .concat [ 4 2 0 0], L_0x556188c7ada0, L_0x7f51bfe45060;
    .scope S_0x556188c4fa30;
T_0 ;
    %wait E_0x556188c55420;
    %load/vec4 v0x556188c77520_0;
    %flag_set/vec4 8;
    %jmp/0xz  T_0.0, 8;
    %load/vec4 v0x556188c77f00_0;
    %pad/u 11;
    %pad/u 15;
    %muli 16, 0, 15;
    %pad/u 16;
    %load/vec4 v0x556188c76de0_0;
    %pad/u 6;
    %pad/u 16;
    %add;
    %ix/vec4 4;
    %load/vec4a v0x556188c77fe0, 4;
    %parti/s 1, 1, 2;
    %assign/vec4 v0x556188c775e0_0, 0;
    %jmp T_0.1;
T_0.0 ;
    %load/vec4 v0x556188c77250_0;
    %flag_set/vec4 8;
    %jmp/0xz  T_0.2, 8;
    %load/vec4 v0x556188c77e20_0;
    %pad/u 6;
    %ix/vec4 4;
    %load/vec4a v0x556188c76ec0, 4;
    %parti/s 3, 1, 2;
    %load/vec4 v0x556188c77190_0;
    %concat/vec4; draw_concat_vec4
    %load/vec4 v0x556188c77e20_0;
    %pad/u 6;
    %ix/vec4 3;
    %ix/load 4, 0, 0; Constant delay
    %assign/vec4/a/d v0x556188c76ec0, 0, 4;
    %load/vec4 v0x556188c77190_0;
    %pad/u 32;
    %cmpi/e 1, 0, 32;
    %jmp/0xz  T_0.4, 4;
    %load/vec4 v0x556188c77e20_0;
    %pad/u 11;
    %pad/u 15;
    %muli 16, 0, 15;
    %pad/u 16;
    %load/vec4 v0x556188c52d60_0;
    %pad/u 6;
    %pad/u 16;
    %add;
    %ix/vec4 4;
    %load/vec4a v0x556188c77fe0, 4;
    %cmpi/ne 3, 0, 2;
    %jmp/0xz  T_0.6, 4;
    %load/vec4 v0x556188c77e20_0;
    %pad/u 11;
    %pad/u 15;
    %muli 16, 0, 15;
    %pad/u 16;
    %load/vec4 v0x556188c52d60_0;
    %pad/u 6;
    %pad/u 16;
    %add;
    %ix/vec4 4;
    %load/vec4a v0x556188c77fe0, 4;
    %addi 1, 0, 2;
    %load/vec4 v0x556188c77e20_0;
    %pad/u 11;
    %pad/u 15;
    %muli 16, 0, 15;
    %pad/u 16;
    %load/vec4 v0x556188c52d60_0;
    %pad/u 6;
    %pad/u 16;
    %add;
    %ix/vec4 3;
    %ix/load 4, 0, 0; Constant delay
    %assign/vec4/a/d v0x556188c77fe0, 0, 4;
T_0.6 ;
    %jmp T_0.5;
T_0.4 ;
    %load/vec4 v0x556188c77e20_0;
    %pad/u 11;
    %pad/u 15;
    %muli 16, 0, 15;
    %pad/u 16;
    %load/vec4 v0x556188c52d60_0;
    %pad/u 6;
    %pad/u 16;
    %add;
    %ix/vec4 4;
    %load/vec4a v0x556188c77fe0, 4;
    %cmpi/ne 0, 0, 2;
    %jmp/0xz  T_0.8, 4;
    %load/vec4 v0x556188c77e20_0;
    %pad/u 11;
    %pad/u 15;
    %muli 16, 0, 15;
    %pad/u 16;
    %load/vec4 v0x556188c52d60_0;
    %pad/u 6;
    %pad/u 16;
    %add;
    %ix/vec4 4;
    %load/vec4a v0x556188c77fe0, 4;
    %subi 1, 0, 2;
    %load/vec4 v0x556188c77e20_0;
    %pad/u 11;
    %pad/u 15;
    %muli 16, 0, 15;
    %pad/u 16;
    %load/vec4 v0x556188c52d60_0;
    %pad/u 6;
    %pad/u 16;
    %add;
    %ix/vec4 3;
    %ix/load 4, 0, 0; Constant delay
    %assign/vec4/a/d v0x556188c77fe0, 0, 4;
T_0.8 ;
T_0.5 ;
T_0.2 ;
T_0.1 ;
    %jmp T_0;
    .thread T_0, $push;
# The file index is used to find the file name in the following table.
:file_names 3;
    "N/A";
    "<interactive>";
    "./riscv/src/Issue/predictor.v";
